Unity Editor version:    2020.3.17f1 (a4537701e4ab)
Branch:                  2020.3/staging
Build type:              Release
Batch mode:              YES
macOS version:           Version 12.2.1 (Build 21D62)
Darwin version:          21.3.0
Architecture:            x86_64
Running under Rosetta:   NO
Available memory:        16384 MB
Using pre-set license
Pro License: NO

COMMAND LINE ARGUMENTS:
/Applications/Unity/Hub/Editor/2020.3.17f1/Unity.app/Contents/MacOS/Unity
-adb2
-batchMode
-noUpm
-name
AssetImportWorker0
-projectPath
/Users/bennettmcdonald/Downloads/WizardsAthenaeum-main/The Wizard's Athenaeum
-logFile
Logs/AssetImportWorker0.log
-srvPort
64755
Successfully changed project path to: /Users/bennettmcdonald/Downloads/WizardsAthenaeum-main/The Wizard's Athenaeum
/Users/bennettmcdonald/Downloads/WizardsAthenaeum-main/The Wizard's Athenaeum
Using Asset Import Pipeline V2.
Refreshing native plugins compatible for Editor in 63.10 ms, found 3 plugins.
Preloading 0 native plugins for Editor in 0.00 ms.
Initialize engine version: 2020.3.17f1 (a4537701e4ab)
[Subsystems] Discovering subsystems at path /Applications/Unity/Hub/Editor/2020.3.17f1/Unity.app/Contents/Resources/UnitySubsystems
[Subsystems] Discovering subsystems at path /Users/bennettmcdonald/Downloads/WizardsAthenaeum-main/The Wizard's Athenaeum/Assets
GfxDevice: creating device client; threaded=0
2022-03-22 11:53:04.249 Unity[61926:828567] Color LCD preferred device: Intel(R) HD Graphics 630 (low power)
2022-03-22 11:53:04.249 Unity[61926:828567] Metal devices available: 2
2022-03-22 11:53:04.249 Unity[61926:828567] 0: AMD Radeon Pro 555 (high power)
2022-03-22 11:53:04.249 Unity[61926:828567] 1: Intel(R) HD Graphics 630 (low power)
2022-03-22 11:53:04.249 Unity[61926:828567] Using device AMD Radeon Pro 555 (high power)
Initializing Metal device caps: AMD Radeon Pro 555
Initialize mono
Mono path[0] = '/Applications/Unity/Hub/Editor/2020.3.17f1/Unity.app/Contents/Managed'
Mono path[1] = '/Applications/Unity/Hub/Editor/2020.3.17f1/Unity.app/Contents/MonoBleedingEdge/lib/mono/unityjit'
Mono config path = '/Applications/Unity/Hub/Editor/2020.3.17f1/Unity.app/Contents/MonoBleedingEdge/etc'
Using monoOptions --debugger-agent=transport=dt_socket,embedding=1,server=y,suspend=n,address=127.0.0.1:56926
Begin MonoManager ReloadAssembly
Registering precompiled unity dll's ...
Register platform support module: /Applications/Unity/Hub/Editor/2020.3.17f1/Unity.app/Contents/PlaybackEngines/MacStandaloneSupport/UnityEditor.OSXStandalone.Extensions.dll
Registered in 0.000437 seconds.
Native extension for OSXStandalone target not found
Refreshing native plugins compatible for Editor in 52.62 ms, found 3 plugins.
Preloading 0 native plugins for Editor in 0.00 ms.
Mono: successfully reloaded assembly
- Completed reload, in  1.501 seconds
Domain Reload Profiling:
	ReloadAssembly (1501ms)
		BeginReloadAssembly (40ms)
			ExecutionOrderSort (0ms)
			DisableScriptedObjects (0ms)
			BackupInstance (0ms)
			ReleaseScriptingObjects (0ms)
			CreateAndSetChildDomain (1ms)
		EndReloadAssembly (590ms)
			LoadAssemblies (39ms)
			RebuildTransferFunctionScriptingTraits (0ms)
			SetupTypeCache (220ms)
			ReleaseScriptCaches (0ms)
			RebuildScriptCaches (51ms)
			SetupLoadedEditorAssemblies (255ms)
				LogAssemblyErrors (0ms)
				InitializePlatformSupportModulesInManaged (5ms)
				SetLoadedEditorAssemblies (0ms)
				RefreshPlugins (53ms)
				BeforeProcessingInitializeOnLoad (33ms)
				ProcessInitializeOnLoadAttributes (128ms)
				ProcessInitializeOnLoadMethodAttributes (36ms)
				AfterProcessingInitializeOnLoad (0ms)
				EditorAssembliesLoaded (0ms)
			ExecutionOrderSort2 (0ms)
			AwakeInstancesAfterBackupRestoration (0ms)
Platform modules already initialized, skipping
Registering precompiled user dll's ...
Registered in 0.002043 seconds.
Begin MonoManager ReloadAssembly
OnLevelWasLoaded was found on GameManager
This message has been deprecated and will be removed in a later version of Unity.
Add a delegate to SceneManager.sceneLoaded instead to get notifications after scene loading has completed

Native extension for OSXStandalone target not found
Refreshing native plugins compatible for Editor in 47.83 ms, found 3 plugins.
Preloading 0 native plugins for Editor in 0.00 ms.
Mono: successfully reloaded assembly
- Completed reload, in  1.738 seconds
Domain Reload Profiling:
	ReloadAssembly (1739ms)
		BeginReloadAssembly (185ms)
			ExecutionOrderSort (0ms)
			DisableScriptedObjects (7ms)
			BackupInstance (0ms)
			ReleaseScriptingObjects (0ms)
			CreateAndSetChildDomain (28ms)
		EndReloadAssembly (1452ms)
			LoadAssemblies (122ms)
			RebuildTransferFunctionScriptingTraits (0ms)
			SetupTypeCache (575ms)
			ReleaseScriptCaches (1ms)
			RebuildScriptCaches (75ms)
			SetupLoadedEditorAssemblies (522ms)
				LogAssemblyErrors (0ms)
				InitializePlatformSupportModulesInManaged (4ms)
				SetLoadedEditorAssemblies (0ms)
				RefreshPlugins (48ms)
				BeforeProcessingInitializeOnLoad (91ms)
				ProcessInitializeOnLoadAttributes (363ms)
				ProcessInitializeOnLoadMethodAttributes (15ms)
				AfterProcessingInitializeOnLoad (1ms)
				EditorAssembliesLoaded (0ms)
			ExecutionOrderSort2 (0ms)
			AwakeInstancesAfterBackupRestoration (9ms)
Platform modules already initialized, skipping
Validating Project structure ... 0.002699 seconds.
Shader import version has changed; will reimport all shaders...
Upgrading shader files ...0.013545 seconds.
Application.AssetDatabase Initial Script Refresh Start
RefreshInfo: InitialScriptRefreshV2(NoUpdateAssetOptions) scanfilter:  ... 1 filters
RefreshProfiler: Total: 0.000ms
Application.AssetDatabase Initial Script Refresh End
Application.AssetDatabase.Refresh Start
Application.AssetDatabase.Refresh End
RefreshInfo: StopAssetImportingV2(ForceSynchronousImport) scanfilter: 
RefreshProfiler: Total: 0.000ms
Launching external process: /Applications/Unity/Hub/Editor/2020.3.17f1/Unity.app/Contents/Tools/UnityShaderCompiler
Launched and connected shader compiler UnityShaderCompiler after 0.01 seconds
Initializing Unity extensions:
2022-03-22 11:53:08.392 Unity[61926:828567] NSEventModifierFlagFunction specified to -setKeyEquivalentModifierMask: for item <NSMenuItem: 0x6000035e80e0 Font Asset, ke='Command-F12'>, but is only supported for system-provided menu items; will not be used
2022-03-22 11:53:08.396 Unity[61926:828567] NSEventModifierFlagFunction specified to -setKeyEquivalentModifierMask: for item <NSMenuItem: 0x6000035dd260 Font Asset, ke='Command-F12'>, but is only supported for system-provided menu items; will not be used
========================================================================
Worker process is ready to serve import requests
Refreshing native plugins compatible for Editor in 0.49 ms, found 3 plugins.
Preloading 0 native plugins for Editor in 0.00 ms.
Unloading 2114 Unused Serialized files (Serialized files now loaded: 0)
System memory in use before: 196.9 MB.
System memory in use after: 196.0 MB.

Unloading 108 unused Assets to reduce memory usage. Loaded Objects now: 2592.
Total: 4.826708 ms (FindLiveObjects: 0.264589 ms CreateObjectMapping: 0.090415 ms MarkObjects: 3.779601 ms  DeleteObjects: 0.690895 ms)

AssetImportParameters requested are different than current active one (requested -> active):
  custom:video-decoder-ogg-theora: a1e56fd34408186e4bbccfd4996cb3dc -> 
  custom:container-muxer-webm: aa71ff27fc2769a1b78a27578f13a17b -> 
  custom:container-demuxer-webm: 4f35f7cbe854078d1ac9338744f61a02 -> 
  custom:container-demuxer-ogg: 62fdf1f143b41e24485cea50d1cbac27 -> 
  custom:video-encoder-webm-vp8: eb34c28f22e8b96e1ab97ce403110664 -> 
  custom:framework-osx-AVFoundation: e770b220cccbd017edd2c1fefb359320 -> 
  custom:video-decoder-webm-vp8: 9c59270c3fd7afecdb556c50c9e8de78 -> 
  custom:audio-decoder-ogg-vorbis: bf7c407c2cedff20999df2af8eb42d56 -> 
  custom:audio-encoder-webm-vorbis: bf7c407c2cedff20999df2af8eb42d56 -> 
========================================================================
Received Import Request.
  path: Assets/Scripts/BattlePhase.cs
  artifactKey: Guid(409b1d7ddf62e4368aef4fbf78ec213a) Importer(815301076,1909f56bfc062723c751e8b465ee728b)
Start importing Assets/Scripts/BattlePhase.cs using Guid(409b1d7ddf62e4368aef4fbf78ec213a) Importer(815301076,1909f56bfc062723c751e8b465ee728b)  -> (artifact id: 'f02fb5bb969c9af9e8b00f3bce3544fc') in 0.336056 seconds 
  Import took 0.340717 seconds .

========================================================================
Received Import Request.
  Time since last request: 0.004219 seconds.
  path: Assets/Scripts/Enemy.cs
  artifactKey: Guid(9e7415b63617d40219ae6e04b175c728) Importer(815301076,1909f56bfc062723c751e8b465ee728b)
Start importing Assets/Scripts/Enemy.cs using Guid(9e7415b63617d40219ae6e04b175c728) Importer(815301076,1909f56bfc062723c751e8b465ee728b)  -> (artifact id: 'a74db99a154aee472dbb199edb722401') in 0.005610 seconds 
  Import took 0.010787 seconds .

========================================================================
Received Import Request.
  Time since last request: 20.254499 seconds.
  path: Assets/Scripts/Player.cs
  artifactKey: Guid(9de217d7bab5c4ac6a8c34081e57367c) Importer(815301076,1909f56bfc062723c751e8b465ee728b)
Start importing Assets/Scripts/Player.cs using Guid(9de217d7bab5c4ac6a8c34081e57367c) Importer(815301076,1909f56bfc062723c751e8b465ee728b)  -> (artifact id: '694bcc73a9bc0d67b8575841cc7b97a1') in 0.005880 seconds 
  Import took 0.011639 seconds .

========================================================================
Received Import Request.
  Time since last request: 0.000850 seconds.
  path: Assets/Scripts/Player.cs
  artifactKey: Guid(9de217d7bab5c4ac6a8c34081e57367c) Importer(815301076,1909f56bfc062723c751e8b465ee728b)
Start importing Assets/Scripts/Player.cs using Guid(9de217d7bab5c4ac6a8c34081e57367c) Importer(815301076,1909f56bfc062723c751e8b465ee728b)  -> (artifact id: '694bcc73a9bc0d67b8575841cc7b97a1') in 0.004863 seconds 
  Import took 0.010252 seconds .

========================================================================
Received Import Request.
  Time since last request: 18367.847753 seconds.
  path: Assets/Scripts/AddSpellToList.cs
  artifactKey: Guid(168a577d49753471bb524b7c28390f82) Importer(815301076,1909f56bfc062723c751e8b465ee728b)
Start importing Assets/Scripts/AddSpellToList.cs using Guid(168a577d49753471bb524b7c28390f82) Importer(815301076,1909f56bfc062723c751e8b465ee728b)  -> (artifact id: 'fa359ae46874ec50ab198c689bdd6182') in 0.006227 seconds 
  Import took 0.011351 seconds .

========================================================================
Received Import Request.
  Time since last request: 35588.975546 seconds.
  path: Assets/Scripts/CombatButtons.prefab
  artifactKey: Guid(1f9b3758f19384774ac0d1a67c3ac2c6) Importer(815301076,1909f56bfc062723c751e8b465ee728b)
Start importing Assets/Scripts/CombatButtons.prefab using Guid(1f9b3758f19384774ac0d1a67c3ac2c6) Importer(815301076,1909f56bfc062723c751e8b465ee728b)  -> (artifact id: '1a5228d9ff0bb9481b6514f64c987ef5') in 0.648118 seconds 
  Import took 0.777489 seconds .

========================================================================
Received Import Request.
  Time since last request: 2912.260339 seconds.
  path: Assets/TextMesh Pro/Resources/Style Sheets/Default Style Sheet.asset
  artifactKey: Guid(f952c082cb03451daed3ee968ac6c63e) Importer(815301076,1909f56bfc062723c751e8b465ee728b)
Start importing Assets/TextMesh Pro/Resources/Style Sheets/Default Style Sheet.asset using Guid(f952c082cb03451daed3ee968ac6c63e) Importer(815301076,1909f56bfc062723c751e8b465ee728b)  -> (artifact id: '99846f5a5cef2b9fb3476a6a84d35918') in 0.542659 seconds 
  Import took 0.546853 seconds .

========================================================================
Received Import Request.
  Time since last request: 0.003483 seconds.
  path: Assets/Tilemap/DirtFloors.prefab
  artifactKey: Guid(6a6369b602cfd4164b8a4906013f32d3) Importer(815301076,1909f56bfc062723c751e8b465ee728b)
Start importing Assets/Tilemap/DirtFloors.prefab using Guid(6a6369b602cfd4164b8a4906013f32d3) Importer(815301076,1909f56bfc062723c751e8b465ee728b)  -> (artifact id: '6b74c6b7723caa78d576c4ff44b8057a') in 0.358122 seconds 
  Import took 0.363188 seconds .

========================================================================
Received Import Request.
  Time since last request: 0.000429 seconds.
  path: Assets/TextMesh Pro/Resources/Style Sheets/Default Style Sheet.asset
  artifactKey: Guid(f952c082cb03451daed3ee968ac6c63e) Importer(815301076,1909f56bfc062723c751e8b465ee728b)
Start importing Assets/TextMesh Pro/Resources/Style Sheets/Default Style Sheet.asset using Guid(f952c082cb03451daed3ee968ac6c63e) Importer(815301076,1909f56bfc062723c751e8b465ee728b)  -> (artifact id: '99846f5a5cef2b9fb3476a6a84d35918') in 0.005906 seconds 
  Import took 0.013258 seconds .

========================================================================
Received Import Request.
  Time since last request: 14.636366 seconds.
  path: Assets/Tilemap/Scavengers_SpriteSheet_54.asset
  artifactKey: Guid(05083212ceb974b4bb692f9eca763d8c) Importer(815301076,1909f56bfc062723c751e8b465ee728b)
Start importing Assets/Tilemap/Scavengers_SpriteSheet_54.asset using Guid(05083212ceb974b4bb692f9eca763d8c) Importer(815301076,1909f56bfc062723c751e8b465ee728b)  -> (artifact id: '77d06e9ef43b2f6acf3f63e0c72c6b25') in 0.054274 seconds 
  Import took 0.058012 seconds .

========================================================================
Received Import Request.
  Time since last request: 0.002856 seconds.
  path: Assets/Tilemap/Scavengers_SpriteSheet_54.asset
  artifactKey: Guid(05083212ceb974b4bb692f9eca763d8c) Importer(815301076,1909f56bfc062723c751e8b465ee728b)
Start importing Assets/Tilemap/Scavengers_SpriteSheet_54.asset using Guid(05083212ceb974b4bb692f9eca763d8c) Importer(815301076,1909f56bfc062723c751e8b465ee728b)  -> (artifact id: '77d06e9ef43b2f6acf3f63e0c72c6b25') in 0.009855 seconds 
  Import took 0.013670 seconds .

========================================================================
Received Import Request.
  Time since last request: 1.156756 seconds.
  path: Assets/Tilemap/Scavengers_SpriteSheet_53.asset
  artifactKey: Guid(44172b939346c44ca9d51d464654b97b) Importer(815301076,1909f56bfc062723c751e8b465ee728b)
Start importing Assets/Tilemap/Scavengers_SpriteSheet_53.asset using Guid(44172b939346c44ca9d51d464654b97b) Importer(815301076,1909f56bfc062723c751e8b465ee728b)  -> (artifact id: 'd520abcb35e5164068fe3173cca3bda7') in 0.010570 seconds 
  Import took 0.015850 seconds .

========================================================================
Received Import Request.
  Time since last request: 0.100133 seconds.
  path: Assets/Tilemap/Scavengers_SpriteSheet_52.asset
  artifactKey: Guid(cddad61c5924347cba4712f2922bc71e) Importer(815301076,1909f56bfc062723c751e8b465ee728b)
Start importing Assets/Tilemap/Scavengers_SpriteSheet_52.asset using Guid(cddad61c5924347cba4712f2922bc71e) Importer(815301076,1909f56bfc062723c751e8b465ee728b)  -> (artifact id: '3f7675265ffe9251a340ea94e23fb5cb') in 0.013771 seconds 
  Import took 0.018049 seconds .

========================================================================
Received Import Request.
  Time since last request: 0.047872 seconds.
  path: Assets/Tilemap/Scavengers_SpriteSheet_51.asset
  artifactKey: Guid(255606216666e4843ab5faaa514c4b92) Importer(815301076,1909f56bfc062723c751e8b465ee728b)
Start importing Assets/Tilemap/Scavengers_SpriteSheet_51.asset using Guid(255606216666e4843ab5faaa514c4b92) Importer(815301076,1909f56bfc062723c751e8b465ee728b)  -> (artifact id: 'd0439712f5787dccc634d3c0cd113fbf') in 0.015299 seconds 
  Import took 0.020483 seconds .

========================================================================
Received Import Request.
  Time since last request: 0.000323 seconds.
  path: Assets/Tilemap/Scavengers_SpriteSheet_50.asset
  artifactKey: Guid(7856081fd510147d3b2bde615b1032bb) Importer(815301076,1909f56bfc062723c751e8b465ee728b)
Start importing Assets/Tilemap/Scavengers_SpriteSheet_50.asset using Guid(7856081fd510147d3b2bde615b1032bb) Importer(815301076,1909f56bfc062723c751e8b465ee728b)  -> (artifact id: '5843602accaa738ec39646d87d8032e8') in 0.013225 seconds 
  Import took 0.019690 seconds .

========================================================================
Received Import Request.
  Time since last request: 0.121775 seconds.
  path: Assets/Tilemap/Scavengers_SpriteSheet_49.asset
  artifactKey: Guid(e3742f945b26845e88ba81df263010af) Importer(815301076,1909f56bfc062723c751e8b465ee728b)
Start importing Assets/Tilemap/Scavengers_SpriteSheet_49.asset using Guid(e3742f945b26845e88ba81df263010af) Importer(815301076,1909f56bfc062723c751e8b465ee728b)  -> (artifact id: '3c45d1885b0126a33d0c6a747259ff44') in 0.015507 seconds 
  Import took 0.024081 seconds .

========================================================================
Received Import Request.
  Time since last request: 0.000353 seconds.
  path: Assets/Tilemap/Scavengers_SpriteSheet_48.asset
  artifactKey: Guid(3c333c0097e734342901d463dc35a370) Importer(815301076,1909f56bfc062723c751e8b465ee728b)
Start importing Assets/Tilemap/Scavengers_SpriteSheet_48.asset using Guid(3c333c0097e734342901d463dc35a370) Importer(815301076,1909f56bfc062723c751e8b465ee728b)  -> (artifact id: '18ce9027aa6d3d6f06ef5000a4da0a65') in 0.012481 seconds 
  Import took 0.017317 seconds .

========================================================================
Received Import Request.
  Time since last request: 0.287437 seconds.
  path: Assets/Tilemap/Scavengers_SpriteSheet_39.asset
  artifactKey: Guid(10a98bc7157764dceb9f9fb82bb8b621) Importer(815301076,1909f56bfc062723c751e8b465ee728b)
Start importing Assets/Tilemap/Scavengers_SpriteSheet_39.asset using Guid(10a98bc7157764dceb9f9fb82bb8b621) Importer(815301076,1909f56bfc062723c751e8b465ee728b)  -> (artifact id: 'fdcc21717db32901da6c11f821e40832') in 0.014372 seconds 
  Import took 0.018088 seconds .

========================================================================
Received Import Request.
  Time since last request: 0.113908 seconds.
  path: Assets/Tilemap/Scavengers_SpriteSheet_36.asset
  artifactKey: Guid(c96834af3f8f74a4a8e5bc4ae967dccc) Importer(815301076,1909f56bfc062723c751e8b465ee728b)
Start importing Assets/Tilemap/Scavengers_SpriteSheet_36.asset using Guid(c96834af3f8f74a4a8e5bc4ae967dccc) Importer(815301076,1909f56bfc062723c751e8b465ee728b)  -> (artifact id: '07cd5ea1ba92047a1e2160bf7ad82a82') in 0.013675 seconds 
  Import took 0.019622 seconds .

========================================================================
Received Import Request.
  Time since last request: 0.000329 seconds.
  path: Assets/Tilemap/Scavengers_SpriteSheet_38.asset
  artifactKey: Guid(2dbb4fbe0b98e43edbb80ac3278460c3) Importer(815301076,1909f56bfc062723c751e8b465ee728b)
Start importing Assets/Tilemap/Scavengers_SpriteSheet_38.asset using Guid(2dbb4fbe0b98e43edbb80ac3278460c3) Importer(815301076,1909f56bfc062723c751e8b465ee728b)  -> (artifact id: 'cb097a19c25002079a7373d2d385f02f') in 0.011755 seconds 
  Import took 0.016875 seconds .

========================================================================
Received Import Request.
  Time since last request: 0.000314 seconds.
  path: Assets/Tilemap/Scavengers_SpriteSheet_35.asset
  artifactKey: Guid(94a92a5f9e994464ba9d2951b264aad7) Importer(815301076,1909f56bfc062723c751e8b465ee728b)
Start importing Assets/Tilemap/Scavengers_SpriteSheet_35.asset using Guid(94a92a5f9e994464ba9d2951b264aad7) Importer(815301076,1909f56bfc062723c751e8b465ee728b)  -> (artifact id: '4e2e2cdcc66016953683e4a26f03fa8c') in 0.012863 seconds 
  Import took 0.017184 seconds .

========================================================================
Received Import Request.
  Time since last request: 0.000358 seconds.
  path: Assets/Tilemap/Scavengers_SpriteSheet_32.asset
  artifactKey: Guid(f8492d9483d7e411590eaf5d7880db63) Importer(815301076,1909f56bfc062723c751e8b465ee728b)
Start importing Assets/Tilemap/Scavengers_SpriteSheet_32.asset using Guid(f8492d9483d7e411590eaf5d7880db63) Importer(815301076,1909f56bfc062723c751e8b465ee728b)  -> (artifact id: '17a6244c2e2d53502e5b927b8eda7746') in 0.013213 seconds 
  Import took 0.017801 seconds .

========================================================================
Received Import Request.
  Time since last request: 0.000450 seconds.
  path: Assets/Tilemap/Scavengers_SpriteSheet_34.asset
  artifactKey: Guid(83a7a9d256dfb432e86dab6984ef74cc) Importer(815301076,1909f56bfc062723c751e8b465ee728b)
Start importing Assets/Tilemap/Scavengers_SpriteSheet_34.asset using Guid(83a7a9d256dfb432e86dab6984ef74cc) Importer(815301076,1909f56bfc062723c751e8b465ee728b)  -> (artifact id: '4883f44a094a8fc87a75daea88016eb1') in 0.013265 seconds 
  Import took 0.017832 seconds .

========================================================================
Received Import Request.
  Time since last request: 0.000303 seconds.
  path: Assets/Tilemap/Scavengers_SpriteSheet_31.asset
  artifactKey: Guid(6ffaa7acc07834e0781a956c0c190a84) Importer(815301076,1909f56bfc062723c751e8b465ee728b)
Start importing Assets/Tilemap/Scavengers_SpriteSheet_31.asset using Guid(6ffaa7acc07834e0781a956c0c190a84) Importer(815301076,1909f56bfc062723c751e8b465ee728b)  -> (artifact id: '8485e721cbcfa09ee70278703652342f') in 0.017316 seconds 
  Import took 0.020823 seconds .

========================================================================
Received Import Request.
  Time since last request: 0.000253 seconds.
  path: Assets/Tilemap/Scavengers_SpriteSheet_33.asset
  artifactKey: Guid(b5c90f3c214bb48d385ac606ce8265e5) Importer(815301076,1909f56bfc062723c751e8b465ee728b)
Start importing Assets/Tilemap/Scavengers_SpriteSheet_33.asset using Guid(b5c90f3c214bb48d385ac606ce8265e5) Importer(815301076,1909f56bfc062723c751e8b465ee728b)  -> (artifact id: '2956ba42dd08bfa337d9888275da4cfd') in 0.016053 seconds 
  Import took 0.019953 seconds .

========================================================================
Received Import Request.
  Time since last request: 0.000326 seconds.
  path: Assets/Tilemap/Scavengers_SpriteSheet_30.asset
  artifactKey: Guid(d09e782b67e004d5581938fa84170f06) Importer(815301076,1909f56bfc062723c751e8b465ee728b)
Start importing Assets/Tilemap/Scavengers_SpriteSheet_30.asset using Guid(d09e782b67e004d5581938fa84170f06) Importer(815301076,1909f56bfc062723c751e8b465ee728b)  -> (artifact id: '02b18e27654dcc58d4ab4b2712c68a34') in 0.012512 seconds 
  Import took 0.016915 seconds .

========================================================================
Received Import Request.
  Time since last request: 0.000262 seconds.
  path: Assets/Tilemap/Scavengers_SpriteSheet_37.asset
  artifactKey: Guid(33f64f01830534b9693bacc8471389c7) Importer(815301076,1909f56bfc062723c751e8b465ee728b)
Start importing Assets/Tilemap/Scavengers_SpriteSheet_37.asset using Guid(33f64f01830534b9693bacc8471389c7) Importer(815301076,1909f56bfc062723c751e8b465ee728b)  -> (artifact id: '96686d4326bcb716785d834337baacfa') in 0.020431 seconds 
  Import took 0.024855 seconds .

========================================================================
Received Import Request.
  Time since last request: 0.048200 seconds.
  path: Assets/Tilemap/Scavengers_SpriteSheet_28.asset
  artifactKey: Guid(a28838e32f399488f942bdcc6994b575) Importer(815301076,1909f56bfc062723c751e8b465ee728b)
Start importing Assets/Tilemap/Scavengers_SpriteSheet_28.asset using Guid(a28838e32f399488f942bdcc6994b575) Importer(815301076,1909f56bfc062723c751e8b465ee728b)  -> (artifact id: 'f3b8dac4123c5ff9865a88b4d4e1ed09') in 0.017334 seconds 
  Import took 0.024224 seconds .

========================================================================
Received Import Request.
  Time since last request: 0.000383 seconds.
  path: Assets/Tilemap/Scavengers_SpriteSheet_29.asset
  artifactKey: Guid(4d06f2f5c8b444debaa2b5a201214f83) Importer(815301076,1909f56bfc062723c751e8b465ee728b)
Start importing Assets/Tilemap/Scavengers_SpriteSheet_29.asset using Guid(4d06f2f5c8b444debaa2b5a201214f83) Importer(815301076,1909f56bfc062723c751e8b465ee728b)  -> (artifact id: '58d3542a9973664ffc6ac5b63a3b16ae') in 0.014783 seconds 
  Import took 0.018972 seconds .

========================================================================
Received Import Request.
  Time since last request: 0.012253 seconds.
  path: Assets/Tilemap/Scavengers_SpriteSheet_25.asset
  artifactKey: Guid(4209eeda2c7214ff69afce4f4876c73f) Importer(815301076,1909f56bfc062723c751e8b465ee728b)
Start importing Assets/Tilemap/Scavengers_SpriteSheet_25.asset using Guid(4209eeda2c7214ff69afce4f4876c73f) Importer(815301076,1909f56bfc062723c751e8b465ee728b)  -> (artifact id: '78708e6fb88b09178c9953fd0468b5ae') in 0.015494 seconds 
  Import took 0.023163 seconds .

========================================================================
Received Import Request.
  Time since last request: 0.000290 seconds.
  path: Assets/Tilemap/Scavengers_SpriteSheet_27.asset
  artifactKey: Guid(90478227f1e2e441c9c2ae64c0058e98) Importer(815301076,1909f56bfc062723c751e8b465ee728b)
Start importing Assets/Tilemap/Scavengers_SpriteSheet_27.asset using Guid(90478227f1e2e441c9c2ae64c0058e98) Importer(815301076,1909f56bfc062723c751e8b465ee728b)  -> (artifact id: '5b9061140ae6543119c8137d4efb295b') in 0.010119 seconds 
  Import took 0.014331 seconds .

========================================================================
Received Import Request.
  Time since last request: 0.000228 seconds.
  path: Assets/Tilemap/Scavengers_SpriteSheet_26.asset
  artifactKey: Guid(4c80da1d9c48c4ee288f108709e8bbb9) Importer(815301076,1909f56bfc062723c751e8b465ee728b)
Start importing Assets/Tilemap/Scavengers_SpriteSheet_26.asset using Guid(4c80da1d9c48c4ee288f108709e8bbb9) Importer(815301076,1909f56bfc062723c751e8b465ee728b)  -> (artifact id: 'f586a53919296e4c94a2ec9af6b0d84e') in 0.014099 seconds 
  Import took 0.017944 seconds .

========================================================================
Received Import Request.
  Time since last request: 0.000248 seconds.
  path: Assets/Tilemap/Scavengers_SpriteSheet_24.asset
  artifactKey: Guid(5b7771e98595e41aa97cc5de80a780a0) Importer(815301076,1909f56bfc062723c751e8b465ee728b)
Start importing Assets/Tilemap/Scavengers_SpriteSheet_24.asset using Guid(5b7771e98595e41aa97cc5de80a780a0) Importer(815301076,1909f56bfc062723c751e8b465ee728b)  -> (artifact id: '18a2e60ced088934646fcfc7dd4ab733') in 0.016949 seconds 
  Import took 0.022440 seconds .

========================================================================
Received Import Request.
  Time since last request: 0.107701 seconds.
  path: Assets/Tilemap/Scavengers_SpriteSheet_22.asset
  artifactKey: Guid(5612fbab486cf4c90be7d0e279501f67) Importer(815301076,1909f56bfc062723c751e8b465ee728b)
Start importing Assets/Tilemap/Scavengers_SpriteSheet_22.asset using Guid(5612fbab486cf4c90be7d0e279501f67) Importer(815301076,1909f56bfc062723c751e8b465ee728b)  -> (artifact id: 'b51bab321192c1623a846919a0300b1a') in 0.014429 seconds 
  Import took 0.018615 seconds .

========================================================================
Received Import Request.
  Time since last request: 0.000318 seconds.
  path: Assets/Tilemap/Scavengers_SpriteSheet_21.asset
  artifactKey: Guid(14b1ce0d859fd457fadee7fe540c546f) Importer(815301076,1909f56bfc062723c751e8b465ee728b)
Start importing Assets/Tilemap/Scavengers_SpriteSheet_21.asset using Guid(14b1ce0d859fd457fadee7fe540c546f) Importer(815301076,1909f56bfc062723c751e8b465ee728b)  -> (artifact id: '39b5bc3342d522b8a81b3d8f43e96f5f') in 0.020861 seconds 
  Import took 0.025981 seconds .

========================================================================
Received Import Request.
  Time since last request: 0.000268 seconds.
  path: Assets/Tilemap/Scavengers_SpriteSheet_23.asset
  artifactKey: Guid(6cd96e96e9bda486dae33df0de2762f5) Importer(815301076,1909f56bfc062723c751e8b465ee728b)
Start importing Assets/Tilemap/Scavengers_SpriteSheet_23.asset using Guid(6cd96e96e9bda486dae33df0de2762f5) Importer(815301076,1909f56bfc062723c751e8b465ee728b)  -> (artifact id: '8ef95f9550d1058e4bde737fdf161d00') in 0.013750 seconds 
  Import took 0.021102 seconds .

========================================================================
Received Import Request.
  Time since last request: 0.128948 seconds.
  path: Assets/TextMesh Pro/Resources/Fonts & Materials/LiberationSans SDF - Fallback.asset
  artifactKey: Guid(2e498d1c8094910479dc3e1b768306a4) Importer(815301076,1909f56bfc062723c751e8b465ee728b)
Start importing Assets/TextMesh Pro/Resources/Fonts & Materials/LiberationSans SDF - Fallback.asset using Guid(2e498d1c8094910479dc3e1b768306a4) Importer(815301076,1909f56bfc062723c751e8b465ee728b)  -> (artifact id: 'f3ae601284bc030ab299c53b13e00e3a') in 0.230678 seconds 
  Import took 0.234781 seconds .

========================================================================
Received Import Request.
  Time since last request: 0.000276 seconds.
  path: Assets/TextMesh Pro/Resources/Fonts & Materials/LiberationSans SDF - Outline.mat
  artifactKey: Guid(79459efec17a4d00a321bdcc27bbc385) Importer(815301076,1909f56bfc062723c751e8b465ee728b)
Start importing Assets/TextMesh Pro/Resources/Fonts & Materials/LiberationSans SDF - Outline.mat using Guid(79459efec17a4d00a321bdcc27bbc385) Importer(815301076,1909f56bfc062723c751e8b465ee728b)  -> (artifact id: '289988fcecf3b00d1602f8d2b589f7dd') in 0.296994 seconds 
  Import took 0.300656 seconds .

========================================================================
Received Import Request.
  Time since last request: 0.003591 seconds.
  path: Assets/TextMesh Pro/Sprites/EmojiOne.png
  artifactKey: Guid(dffef66376be4fa480fb02b19edbe903) Importer(815301076,1909f56bfc062723c751e8b465ee728b)
Start importing Assets/TextMesh Pro/Sprites/EmojiOne.png using Guid(dffef66376be4fa480fb02b19edbe903) Importer(815301076,1909f56bfc062723c751e8b465ee728b)  -> (artifact id: 'd78a27303d38c5bc73b55289faa0930d') in 0.899190 seconds 
  Import took 0.903978 seconds .

========================================================================
Received Import Request.
  Time since last request: 0.003790 seconds.
  path: Assets/TextMesh Pro/Fonts/LiberationSans.ttf
  artifactKey: Guid(e3265ab4bf004d28a9537516768c1c75) Importer(815301076,1909f56bfc062723c751e8b465ee728b)
Start importing Assets/TextMesh Pro/Fonts/LiberationSans.ttf using Guid(e3265ab4bf004d28a9537516768c1c75) Importer(815301076,1909f56bfc062723c751e8b465ee728b)  -> (artifact id: 'a31d09850e079c4c77073532874e4c7b') in 2.323346 seconds 
  Import took 2.328598 seconds .

========================================================================
Received Import Request.
  Time since last request: 0.004591 seconds.
  path: Assets/TextMesh Pro/Resources/Fonts & Materials/LiberationSans SDF - Drop Shadow.mat
  artifactKey: Guid(e73a58f6e2794ae7b1b7e50b7fb811b0) Importer(815301076,1909f56bfc062723c751e8b465ee728b)
Start importing Assets/TextMesh Pro/Resources/Fonts & Materials/LiberationSans SDF - Drop Shadow.mat using Guid(e73a58f6e2794ae7b1b7e50b7fb811b0) Importer(815301076,1909f56bfc062723c751e8b465ee728b)  -> (artifact id: 'ca0d2861f60500f05bd29199894f7bb5') in 0.205442 seconds 
  Import took 0.209233 seconds .

========================================================================
Received Import Request.
  Time since last request: 26.328514 seconds.
  path: Assets/Scripts/SpellUsed.cs
  artifactKey: Guid(cfff7de403f0a45e390054b4fa5518a5) Importer(815301076,1909f56bfc062723c751e8b465ee728b)
Start importing Assets/Scripts/SpellUsed.cs using Guid(cfff7de403f0a45e390054b4fa5518a5) Importer(815301076,1909f56bfc062723c751e8b465ee728b)  -> (artifact id: '39c2530e361b1751f234e8453395e36c') in 0.009246 seconds 
  Import took 0.013926 seconds .

========================================================================
Received Import Request.
  Time since last request: 1827.917390 seconds.
  path: Assets/TextMesh Pro/Resources/Sprite Assets/EmojiOne.asset
  artifactKey: Guid(c41005c129ba4d66911b75229fd70b45) Importer(815301076,1909f56bfc062723c751e8b465ee728b)
Start importing Assets/TextMesh Pro/Resources/Sprite Assets/EmojiOne.asset using Guid(c41005c129ba4d66911b75229fd70b45) Importer(815301076,1909f56bfc062723c751e8b465ee728b)  -> (artifact id: '093a2cdfc4701742cd4e2e9653a3929b') in 0.014708 seconds 
  Import took 0.019188 seconds .

========================================================================
Received Import Request.
  Time since last request: 0.002316 seconds.
  path: Assets/TextMesh Pro/Resources/Sprite Assets/EmojiOne.asset
  artifactKey: Guid(c41005c129ba4d66911b75229fd70b45) Importer(815301076,1909f56bfc062723c751e8b465ee728b)
Start importing Assets/TextMesh Pro/Resources/Sprite Assets/EmojiOne.asset using Guid(c41005c129ba4d66911b75229fd70b45) Importer(815301076,1909f56bfc062723c751e8b465ee728b)  -> (artifact id: '093a2cdfc4701742cd4e2e9653a3929b') in 0.003598 seconds 
  Import took 0.007715 seconds .

========================================================================
Received Import Request.
  Time since last request: 1148.917015 seconds.
  path: Assets/Scripts/AddSpellToList.cs
  artifactKey: Guid(168a577d49753471bb524b7c28390f82) Importer(815301076,1909f56bfc062723c751e8b465ee728b)
Start importing Assets/Scripts/AddSpellToList.cs using Guid(168a577d49753471bb524b7c28390f82) Importer(815301076,1909f56bfc062723c751e8b465ee728b)  -> (artifact id: '9520659d09f7b2828bad0d6d7333579c') in 0.002415 seconds 
  Import took 0.006870 seconds .

========================================================================
Received Import Request.
  Time since last request: 28.508418 seconds.
  path: Assets/Scripts/AddSpellToList.cs
  artifactKey: Guid(168a577d49753471bb524b7c28390f82) Importer(815301076,1909f56bfc062723c751e8b465ee728b)
Start importing Assets/Scripts/AddSpellToList.cs using Guid(168a577d49753471bb524b7c28390f82) Importer(815301076,1909f56bfc062723c751e8b465ee728b)  -> (artifact id: '2574452127cec66b814ec68b25641831') in 0.007042 seconds 
  Import took 0.013798 seconds .

========================================================================
Received Import Request.
  Time since last request: 140.253186 seconds.
  path: Assets/Scripts/BattlePhase.cs
  artifactKey: Guid(409b1d7ddf62e4368aef4fbf78ec213a) Importer(815301076,1909f56bfc062723c751e8b465ee728b)
Start importing Assets/Scripts/BattlePhase.cs using Guid(409b1d7ddf62e4368aef4fbf78ec213a) Importer(815301076,1909f56bfc062723c751e8b465ee728b)  -> (artifact id: 'e8b2b7f4f3209bf24411b055e6a42634') in 0.004216 seconds 
  Import took 0.009215 seconds .

========================================================================
Received Import Request.
  Time since last request: 151.875819 seconds.
  path: Assets/Scripts/SpellList.cs
  artifactKey: Guid(12acf4a7db3484b99b67509a96d6e1e1) Importer(815301076,1909f56bfc062723c751e8b465ee728b)
Start importing Assets/Scripts/SpellList.cs using Guid(12acf4a7db3484b99b67509a96d6e1e1) Importer(815301076,1909f56bfc062723c751e8b465ee728b)  -> (artifact id: 'd52c0b0ebab9cf2a6dbe170b4e26b90f') in 0.007585 seconds 
  Import took 0.012195 seconds .

========================================================================
Received Import Request.
  Time since last request: 33.201807 seconds.
  path: Assets/Scripts/SpellList.cs
  artifactKey: Guid(12acf4a7db3484b99b67509a96d6e1e1) Importer(815301076,1909f56bfc062723c751e8b465ee728b)
Start importing Assets/Scripts/SpellList.cs using Guid(12acf4a7db3484b99b67509a96d6e1e1) Importer(815301076,1909f56bfc062723c751e8b465ee728b)  -> (artifact id: '12c133775fc3251ae0e783a63572d4d3') in 0.007758 seconds 
  Import took 0.013553 seconds .

========================================================================
Received Import Request.
  Time since last request: 9.303588 seconds.
  path: Assets/Scripts/SpellListMaker.cs
  artifactKey: Guid(12acf4a7db3484b99b67509a96d6e1e1) Importer(815301076,1909f56bfc062723c751e8b465ee728b)
Start importing Assets/Scripts/SpellListMaker.cs using Guid(12acf4a7db3484b99b67509a96d6e1e1) Importer(815301076,1909f56bfc062723c751e8b465ee728b)  -> (artifact id: '52dee2faa6f990d65a0c716c67a0d30d') in 0.003669 seconds 
  Import took 0.009194 seconds .

========================================================================
Received Import Request.
  Time since last request: 18.296071 seconds.
  path: Assets/Scripts/SpellListMaker.cs
  artifactKey: Guid(12acf4a7db3484b99b67509a96d6e1e1) Importer(815301076,1909f56bfc062723c751e8b465ee728b)
Start importing Assets/Scripts/SpellListMaker.cs using Guid(12acf4a7db3484b99b67509a96d6e1e1) Importer(815301076,1909f56bfc062723c751e8b465ee728b)  -> (artifact id: '5da37f845aa5a33b52bc016398f09302') in 0.007552 seconds 
  Import took 0.012783 seconds .

========================================================================
Received Import Request.
  Time since last request: 162.040476 seconds.
  path: Assets/Scripts/SpellListMaker.cs
  artifactKey: Guid(dfb23314f2e0f4eff8f8f2fce731c392) Importer(815301076,1909f56bfc062723c751e8b465ee728b)
Start importing Assets/Scripts/SpellListMaker.cs using Guid(dfb23314f2e0f4eff8f8f2fce731c392) Importer(815301076,1909f56bfc062723c751e8b465ee728b)  -> (artifact id: '43705438b8eb71a1a59de7b8dabb8021') in 0.003332 seconds 
  Import took 0.009449 seconds .

========================================================================
Received Import Request.
  Time since last request: 35.334502 seconds.
  path: Assets/Scripts/SpellListMaker.cs
  artifactKey: Guid(dfb23314f2e0f4eff8f8f2fce731c392) Importer(815301076,1909f56bfc062723c751e8b465ee728b)
Start importing Assets/Scripts/SpellListMaker.cs using Guid(dfb23314f2e0f4eff8f8f2fce731c392) Importer(815301076,1909f56bfc062723c751e8b465ee728b)  -> (artifact id: 'a2bb4d5923e6fdb45749a696b5191252') in 0.007389 seconds 
  Import took 0.013452 seconds .

========================================================================
Received Import Request.
  Time since last request: 64.678438 seconds.
  path: Assets/TextMesh Pro/Resources/TMP Settings.asset
  artifactKey: Guid(3f5b5dff67a942289a9defa416b206f3) Importer(815301076,1909f56bfc062723c751e8b465ee728b)
Start importing Assets/TextMesh Pro/Resources/TMP Settings.asset using Guid(3f5b5dff67a942289a9defa416b206f3) Importer(815301076,1909f56bfc062723c751e8b465ee728b)  -> (artifact id: '80217e6c75f9d2e4957cbc8093faaf48') in 0.031560 seconds 
  Import took 0.036671 seconds .

========================================================================
Received Import Request.
  Time since last request: 0.003852 seconds.
  path: Assets/TextMesh Pro/Resources/TMP Settings.asset
  artifactKey: Guid(3f5b5dff67a942289a9defa416b206f3) Importer(815301076,1909f56bfc062723c751e8b465ee728b)
Start importing Assets/TextMesh Pro/Resources/TMP Settings.asset using Guid(3f5b5dff67a942289a9defa416b206f3) Importer(815301076,1909f56bfc062723c751e8b465ee728b)  -> (artifact id: '80217e6c75f9d2e4957cbc8093faaf48') in 0.025264 seconds 
  Import took 0.030284 seconds .

========================================================================
Received Prepare
Registering precompiled user dll's ...
Registered in 0.004707 seconds.
Begin MonoManager ReloadAssembly
Native extension for OSXStandalone target not found
Refreshing native plugins compatible for Editor in 0.80 ms, found 3 plugins.
Preloading 0 native plugins for Editor in 0.00 ms.
2022-03-25 23:28:02.181 Unity[61926:828567] NSEventModifierFlagFunction specified to -setKeyEquivalentModifierMask: for item <NSMenuItem: 0x600003572300 Font Asset, ke='Command-F12'>, but is only supported for system-provided menu items; will not be used
Mono: successfully reloaded assembly
- Completed reload, in  1.487 seconds
Domain Reload Profiling:
	ReloadAssembly (1487ms)
		BeginReloadAssembly (167ms)
			ExecutionOrderSort (0ms)
			DisableScriptedObjects (8ms)
			BackupInstance (0ms)
			ReleaseScriptingObjects (0ms)
			CreateAndSetChildDomain (98ms)
		EndReloadAssembly (1247ms)
			LoadAssemblies (86ms)
			RebuildTransferFunctionScriptingTraits (0ms)
			SetupTypeCache (418ms)
			ReleaseScriptCaches (1ms)
			RebuildScriptCaches (65ms)
			SetupLoadedEditorAssemblies (513ms)
				LogAssemblyErrors (0ms)
				InitializePlatformSupportModulesInManaged (6ms)
				SetLoadedEditorAssemblies (1ms)
				RefreshPlugins (1ms)
				BeforeProcessingInitializeOnLoad (148ms)
				ProcessInitializeOnLoadAttributes (350ms)
				ProcessInitializeOnLoadMethodAttributes (7ms)
				AfterProcessingInitializeOnLoad (1ms)
				EditorAssembliesLoaded (0ms)
			ExecutionOrderSort2 (0ms)
			AwakeInstancesAfterBackupRestoration (13ms)
Platform modules already initialized, skipping
OnLevelWasLoaded was found on GameManager
This message has been deprecated and will be removed in a later version of Unity.
Add a delegate to SceneManager.sceneLoaded instead to get notifications after scene loading has completed

Refreshing native plugins compatible for Editor in 0.59 ms, found 3 plugins.
Preloading 0 native plugins for Editor in 0.00 ms.
Unloading 2093 Unused Serialized files (Serialized files now loaded: 0)
System memory in use before: 219.4 MB.
System memory in use after: 219.6 MB.

Unloading 17 unused Assets to reduce memory usage. Loaded Objects now: 2647.
Total: 4.245237 ms (FindLiveObjects: 0.290478 ms CreateObjectMapping: 0.074909 ms MarkObjects: 3.816067 ms  DeleteObjects: 0.062699 ms)

AssetImportParameters requested are different than current active one (requested -> active):
  custom:video-decoder-ogg-theora: a1e56fd34408186e4bbccfd4996cb3dc -> 
  custom:container-muxer-webm: aa71ff27fc2769a1b78a27578f13a17b -> 
  custom:container-demuxer-webm: 4f35f7cbe854078d1ac9338744f61a02 -> 
  custom:container-demuxer-ogg: 62fdf1f143b41e24485cea50d1cbac27 -> 
  custom:video-encoder-webm-vp8: eb34c28f22e8b96e1ab97ce403110664 -> 
  custom:framework-osx-AVFoundation: e770b220cccbd017edd2c1fefb359320 -> 
  custom:video-decoder-webm-vp8: 9c59270c3fd7afecdb556c50c9e8de78 -> 
  custom:audio-decoder-ogg-vorbis: bf7c407c2cedff20999df2af8eb42d56 -> 
  custom:audio-encoder-webm-vorbis: bf7c407c2cedff20999df2af8eb42d56 -> 
========================================================================
Received Prepare
Registering precompiled user dll's ...
Registered in 0.001977 seconds.
Begin MonoManager ReloadAssembly
Native extension for OSXStandalone target not found
Refreshing native plugins compatible for Editor in 0.57 ms, found 3 plugins.
Preloading 0 native plugins for Editor in 0.00 ms.
2022-03-25 23:28:58.888 Unity[61926:828567] NSEventModifierFlagFunction specified to -setKeyEquivalentModifierMask: for item <NSMenuItem: 0x600003571420 Font Asset, ke='Command-F12'>, but is only supported for system-provided menu items; will not be used
Mono: successfully reloaded assembly
- Completed reload, in  1.520 seconds
Domain Reload Profiling:
	ReloadAssembly (1521ms)
		BeginReloadAssembly (113ms)
			ExecutionOrderSort (0ms)
			DisableScriptedObjects (8ms)
			BackupInstance (0ms)
			ReleaseScriptingObjects (0ms)
			CreateAndSetChildDomain (53ms)
		EndReloadAssembly (1332ms)
			LoadAssemblies (78ms)
			RebuildTransferFunctionScriptingTraits (0ms)
			SetupTypeCache (420ms)
			ReleaseScriptCaches (1ms)
			RebuildScriptCaches (60ms)
			SetupLoadedEditorAssemblies (595ms)
				LogAssemblyErrors (0ms)
				InitializePlatformSupportModulesInManaged (12ms)
				SetLoadedEditorAssemblies (1ms)
				RefreshPlugins (1ms)
				BeforeProcessingInitializeOnLoad (198ms)
				ProcessInitializeOnLoadAttributes (376ms)
				ProcessInitializeOnLoadMethodAttributes (7ms)
				AfterProcessingInitializeOnLoad (1ms)
				EditorAssembliesLoaded (0ms)
			ExecutionOrderSort2 (0ms)
			AwakeInstancesAfterBackupRestoration (14ms)
Platform modules already initialized, skipping
OnLevelWasLoaded was found on GameManager
This message has been deprecated and will be removed in a later version of Unity.
Add a delegate to SceneManager.sceneLoaded instead to get notifications after scene loading has completed

Refreshing native plugins compatible for Editor in 0.60 ms, found 3 plugins.
Preloading 0 native plugins for Editor in 0.00 ms.
Unloading 2092 Unused Serialized files (Serialized files now loaded: 0)
System memory in use before: 219.7 MB.
System memory in use after: 219.8 MB.

Unloading 17 unused Assets to reduce memory usage. Loaded Objects now: 2649.
Total: 5.303459 ms (FindLiveObjects: 0.264519 ms CreateObjectMapping: 0.099136 ms MarkObjects: 4.888399 ms  DeleteObjects: 0.049650 ms)

AssetImportParameters requested are different than current active one (requested -> active):
  custom:video-decoder-ogg-theora: a1e56fd34408186e4bbccfd4996cb3dc -> 
  custom:container-muxer-webm: aa71ff27fc2769a1b78a27578f13a17b -> 
  custom:container-demuxer-webm: 4f35f7cbe854078d1ac9338744f61a02 -> 
  custom:container-demuxer-ogg: 62fdf1f143b41e24485cea50d1cbac27 -> 
  custom:video-encoder-webm-vp8: eb34c28f22e8b96e1ab97ce403110664 -> 
  custom:framework-osx-AVFoundation: e770b220cccbd017edd2c1fefb359320 -> 
  custom:video-decoder-webm-vp8: 9c59270c3fd7afecdb556c50c9e8de78 -> 
  custom:audio-decoder-ogg-vorbis: bf7c407c2cedff20999df2af8eb42d56 -> 
  custom:audio-encoder-webm-vorbis: bf7c407c2cedff20999df2af8eb42d56 -> 
========================================================================
Received Prepare
Registering precompiled user dll's ...
Registered in 0.001761 seconds.
Begin MonoManager ReloadAssembly
Native extension for OSXStandalone target not found
Refreshing native plugins compatible for Editor in 0.50 ms, found 3 plugins.
Preloading 0 native plugins for Editor in 0.00 ms.
2022-03-25 23:56:03.580 Unity[61926:828567] NSEventModifierFlagFunction specified to -setKeyEquivalentModifierMask: for item <NSMenuItem: 0x6000035599d0 Font Asset, ke='Command-F12'>, but is only supported for system-provided menu items; will not be used
Mono: successfully reloaded assembly
- Completed reload, in  1.452 seconds
Domain Reload Profiling:
	ReloadAssembly (1453ms)
		BeginReloadAssembly (110ms)
			ExecutionOrderSort (0ms)
			DisableScriptedObjects (7ms)
			BackupInstance (0ms)
			ReleaseScriptingObjects (0ms)
			CreateAndSetChildDomain (51ms)
		EndReloadAssembly (1270ms)
			LoadAssemblies (85ms)
			RebuildTransferFunctionScriptingTraits (0ms)
			SetupTypeCache (400ms)
			ReleaseScriptCaches (1ms)
			RebuildScriptCaches (59ms)
			SetupLoadedEditorAssemblies (562ms)
				LogAssemblyErrors (0ms)
				InitializePlatformSupportModulesInManaged (5ms)
				SetLoadedEditorAssemblies (1ms)
				RefreshPlugins (1ms)
				BeforeProcessingInitializeOnLoad (141ms)
				ProcessInitializeOnLoadAttributes (407ms)
				ProcessInitializeOnLoadMethodAttributes (7ms)
				AfterProcessingInitializeOnLoad (1ms)
				EditorAssembliesLoaded (0ms)
			ExecutionOrderSort2 (0ms)
			AwakeInstancesAfterBackupRestoration (13ms)
Platform modules already initialized, skipping
OnLevelWasLoaded was found on GameManager
This message has been deprecated and will be removed in a later version of Unity.
Add a delegate to SceneManager.sceneLoaded instead to get notifications after scene loading has completed

Refreshing native plugins compatible for Editor in 0.68 ms, found 3 plugins.
Preloading 0 native plugins for Editor in 0.00 ms.
Unloading 2092 Unused Serialized files (Serialized files now loaded: 0)
System memory in use before: 219.9 MB.
System memory in use after: 220.1 MB.

Unloading 16 unused Assets to reduce memory usage. Loaded Objects now: 2652.
Total: 3.473216 ms (FindLiveObjects: 0.224330 ms CreateObjectMapping: 0.076450 ms MarkObjects: 3.154946 ms  DeleteObjects: 0.016653 ms)

AssetImportParameters requested are different than current active one (requested -> active):
  custom:video-decoder-ogg-theora: a1e56fd34408186e4bbccfd4996cb3dc -> 
  custom:container-muxer-webm: aa71ff27fc2769a1b78a27578f13a17b -> 
  custom:container-demuxer-webm: 4f35f7cbe854078d1ac9338744f61a02 -> 
  custom:container-demuxer-ogg: 62fdf1f143b41e24485cea50d1cbac27 -> 
  custom:video-encoder-webm-vp8: eb34c28f22e8b96e1ab97ce403110664 -> 
  custom:framework-osx-AVFoundation: e770b220cccbd017edd2c1fefb359320 -> 
  custom:video-decoder-webm-vp8: 9c59270c3fd7afecdb556c50c9e8de78 -> 
  custom:audio-decoder-ogg-vorbis: bf7c407c2cedff20999df2af8eb42d56 -> 
  custom:audio-encoder-webm-vorbis: bf7c407c2cedff20999df2af8eb42d56 -> 
========================================================================
Received Prepare
Registering precompiled user dll's ...
Registered in 0.002064 seconds.
Begin MonoManager ReloadAssembly
Native extension for OSXStandalone target not found
Refreshing native plugins compatible for Editor in 0.55 ms, found 3 plugins.
Preloading 0 native plugins for Editor in 0.00 ms.
2022-03-26 00:01:32.696 Unity[61926:828567] NSEventModifierFlagFunction specified to -setKeyEquivalentModifierMask: for item <NSMenuItem: 0x60000355a220 Font Asset, ke='Command-F12'>, but is only supported for system-provided menu items; will not be used
Mono: successfully reloaded assembly
- Completed reload, in  1.414 seconds
Domain Reload Profiling:
	ReloadAssembly (1414ms)
		BeginReloadAssembly (117ms)
			ExecutionOrderSort (0ms)
			DisableScriptedObjects (8ms)
			BackupInstance (0ms)
			ReleaseScriptingObjects (0ms)
			CreateAndSetChildDomain (55ms)
		EndReloadAssembly (1219ms)
			LoadAssemblies (91ms)
			RebuildTransferFunctionScriptingTraits (0ms)
			SetupTypeCache (401ms)
			ReleaseScriptCaches (1ms)
			RebuildScriptCaches (62ms)
			SetupLoadedEditorAssemblies (510ms)
				LogAssemblyErrors (0ms)
				InitializePlatformSupportModulesInManaged (5ms)
				SetLoadedEditorAssemblies (1ms)
				RefreshPlugins (1ms)
				BeforeProcessingInitializeOnLoad (144ms)
				ProcessInitializeOnLoadAttributes (351ms)
				ProcessInitializeOnLoadMethodAttributes (7ms)
				AfterProcessingInitializeOnLoad (1ms)
				EditorAssembliesLoaded (0ms)
			ExecutionOrderSort2 (0ms)
			AwakeInstancesAfterBackupRestoration (13ms)
Platform modules already initialized, skipping
OnLevelWasLoaded was found on GameManager
This message has been deprecated and will be removed in a later version of Unity.
Add a delegate to SceneManager.sceneLoaded instead to get notifications after scene loading has completed

Refreshing native plugins compatible for Editor in 0.62 ms, found 3 plugins.
Preloading 0 native plugins for Editor in 0.00 ms.
Unloading 2092 Unused Serialized files (Serialized files now loaded: 0)
System memory in use before: 220.2 MB.
System memory in use after: 220.3 MB.

Unloading 16 unused Assets to reduce memory usage. Loaded Objects now: 2655.
Total: 4.073083 ms (FindLiveObjects: 0.263183 ms CreateObjectMapping: 0.074993 ms MarkObjects: 3.712474 ms  DeleteObjects: 0.021359 ms)

AssetImportParameters requested are different than current active one (requested -> active):
  custom:video-decoder-ogg-theora: a1e56fd34408186e4bbccfd4996cb3dc -> 
  custom:container-muxer-webm: aa71ff27fc2769a1b78a27578f13a17b -> 
  custom:container-demuxer-webm: 4f35f7cbe854078d1ac9338744f61a02 -> 
  custom:container-demuxer-ogg: 62fdf1f143b41e24485cea50d1cbac27 -> 
  custom:video-encoder-webm-vp8: eb34c28f22e8b96e1ab97ce403110664 -> 
  custom:framework-osx-AVFoundation: e770b220cccbd017edd2c1fefb359320 -> 
  custom:video-decoder-webm-vp8: 9c59270c3fd7afecdb556c50c9e8de78 -> 
  custom:audio-decoder-ogg-vorbis: bf7c407c2cedff20999df2af8eb42d56 -> 
  custom:audio-encoder-webm-vorbis: bf7c407c2cedff20999df2af8eb42d56 -> 
========================================================================
Received Prepare
Registering precompiled user dll's ...
Registered in 0.001809 seconds.
Begin MonoManager ReloadAssembly
Native extension for OSXStandalone target not found
Refreshing native plugins compatible for Editor in 0.50 ms, found 3 plugins.
Preloading 0 native plugins for Editor in 0.00 ms.
2022-03-26 00:24:40.288 Unity[61926:828567] NSEventModifierFlagFunction specified to -setKeyEquivalentModifierMask: for item <NSMenuItem: 0x6000035f4e70 Font Asset, ke='Command-F12'>, but is only supported for system-provided menu items; will not be used
Mono: successfully reloaded assembly
- Completed reload, in  1.417 seconds
Domain Reload Profiling:
	ReloadAssembly (1418ms)
		BeginReloadAssembly (114ms)
			ExecutionOrderSort (0ms)
			DisableScriptedObjects (8ms)
			BackupInstance (0ms)
			ReleaseScriptingObjects (0ms)
			CreateAndSetChildDomain (55ms)
		EndReloadAssembly (1229ms)
			LoadAssemblies (81ms)
			RebuildTransferFunctionScriptingTraits (0ms)
			SetupTypeCache (409ms)
			ReleaseScriptCaches (1ms)
			RebuildScriptCaches (60ms)
			SetupLoadedEditorAssemblies (526ms)
				LogAssemblyErrors (0ms)
				InitializePlatformSupportModulesInManaged (5ms)
				SetLoadedEditorAssemblies (1ms)
				RefreshPlugins (1ms)
				BeforeProcessingInitializeOnLoad (153ms)
				ProcessInitializeOnLoadAttributes (357ms)
				ProcessInitializeOnLoadMethodAttributes (7ms)
				AfterProcessingInitializeOnLoad (1ms)
				EditorAssembliesLoaded (0ms)
			ExecutionOrderSort2 (0ms)
			AwakeInstancesAfterBackupRestoration (13ms)
Platform modules already initialized, skipping
OnLevelWasLoaded was found on GameManager
This message has been deprecated and will be removed in a later version of Unity.
Add a delegate to SceneManager.sceneLoaded instead to get notifications after scene loading has completed

Refreshing native plugins compatible for Editor in 0.50 ms, found 3 plugins.
Preloading 0 native plugins for Editor in 0.00 ms.
Unloading 2092 Unused Serialized files (Serialized files now loaded: 0)
System memory in use before: 220.4 MB.
System memory in use after: 220.5 MB.

Unloading 16 unused Assets to reduce memory usage. Loaded Objects now: 2658.
Total: 3.474079 ms (FindLiveObjects: 0.248312 ms CreateObjectMapping: 0.088982 ms MarkObjects: 3.119091 ms  DeleteObjects: 0.016808 ms)

AssetImportParameters requested are different than current active one (requested -> active):
  custom:video-decoder-ogg-theora: a1e56fd34408186e4bbccfd4996cb3dc -> 
  custom:container-muxer-webm: aa71ff27fc2769a1b78a27578f13a17b -> 
  custom:container-demuxer-webm: 4f35f7cbe854078d1ac9338744f61a02 -> 
  custom:container-demuxer-ogg: 62fdf1f143b41e24485cea50d1cbac27 -> 
  custom:video-encoder-webm-vp8: eb34c28f22e8b96e1ab97ce403110664 -> 
  custom:framework-osx-AVFoundation: e770b220cccbd017edd2c1fefb359320 -> 
  custom:video-decoder-webm-vp8: 9c59270c3fd7afecdb556c50c9e8de78 -> 
  custom:audio-decoder-ogg-vorbis: bf7c407c2cedff20999df2af8eb42d56 -> 
  custom:audio-encoder-webm-vorbis: bf7c407c2cedff20999df2af8eb42d56 -> 
========================================================================
Received Prepare
Registering precompiled user dll's ...
Registered in 0.007050 seconds.
Begin MonoManager ReloadAssembly
Native extension for OSXStandalone target not found
Refreshing native plugins compatible for Editor in 0.54 ms, found 3 plugins.
Preloading 0 native plugins for Editor in 0.00 ms.
2022-03-29 15:40:51.257 Unity[61926:828567] NSEventModifierFlagFunction specified to -setKeyEquivalentModifierMask: for item <NSMenuItem: 0x6000035f5730 Font Asset, ke='Command-F12'>, but is only supported for system-provided menu items; will not be used
Mono: successfully reloaded assembly
- Completed reload, in  1.516 seconds
Domain Reload Profiling:
	ReloadAssembly (1516ms)
		BeginReloadAssembly (152ms)
			ExecutionOrderSort (0ms)
			DisableScriptedObjects (9ms)
			BackupInstance (0ms)
			ReleaseScriptingObjects (0ms)
			CreateAndSetChildDomain (80ms)
		EndReloadAssembly (1291ms)
			LoadAssemblies (122ms)
			RebuildTransferFunctionScriptingTraits (0ms)
			SetupTypeCache (421ms)
			ReleaseScriptCaches (1ms)
			RebuildScriptCaches (67ms)
			SetupLoadedEditorAssemblies (527ms)
				LogAssemblyErrors (0ms)
				InitializePlatformSupportModulesInManaged (5ms)
				SetLoadedEditorAssemblies (1ms)
				RefreshPlugins (1ms)
				BeforeProcessingInitializeOnLoad (146ms)
				ProcessInitializeOnLoadAttributes (364ms)
				ProcessInitializeOnLoadMethodAttributes (9ms)
				AfterProcessingInitializeOnLoad (1ms)
				EditorAssembliesLoaded (0ms)
			ExecutionOrderSort2 (0ms)
			AwakeInstancesAfterBackupRestoration (14ms)
Platform modules already initialized, skipping
OnLevelWasLoaded was found on GameManager
This message has been deprecated and will be removed in a later version of Unity.
Add a delegate to SceneManager.sceneLoaded instead to get notifications after scene loading has completed

Refreshing native plugins compatible for Editor in 0.61 ms, found 3 plugins.
Preloading 0 native plugins for Editor in 0.00 ms.
Unloading 2092 Unused Serialized files (Serialized files now loaded: 0)
System memory in use before: 220.7 MB.
System memory in use after: 220.8 MB.

Unloading 16 unused Assets to reduce memory usage. Loaded Objects now: 2661.
Total: 4.225122 ms (FindLiveObjects: 0.265042 ms CreateObjectMapping: 0.085182 ms MarkObjects: 3.829781 ms  DeleteObjects: 0.044177 ms)

AssetImportParameters requested are different than current active one (requested -> active):
  custom:video-decoder-ogg-theora: a1e56fd34408186e4bbccfd4996cb3dc -> 
  custom:container-muxer-webm: aa71ff27fc2769a1b78a27578f13a17b -> 
  custom:container-demuxer-webm: 4f35f7cbe854078d1ac9338744f61a02 -> 
  custom:container-demuxer-ogg: 62fdf1f143b41e24485cea50d1cbac27 -> 
  custom:video-encoder-webm-vp8: eb34c28f22e8b96e1ab97ce403110664 -> 
  custom:framework-osx-AVFoundation: e770b220cccbd017edd2c1fefb359320 -> 
  custom:video-decoder-webm-vp8: 9c59270c3fd7afecdb556c50c9e8de78 -> 
  custom:audio-decoder-ogg-vorbis: bf7c407c2cedff20999df2af8eb42d56 -> 
  custom:audio-encoder-webm-vorbis: bf7c407c2cedff20999df2af8eb42d56 -> 
========================================================================
Received Prepare
Registering precompiled user dll's ...
Registered in 0.002038 seconds.
Begin MonoManager ReloadAssembly
Native extension for OSXStandalone target not found
Refreshing native plugins compatible for Editor in 0.50 ms, found 3 plugins.
Preloading 0 native plugins for Editor in 0.00 ms.
2022-03-29 15:45:43.089 Unity[61926:828567] NSEventModifierFlagFunction specified to -setKeyEquivalentModifierMask: for item <NSMenuItem: 0x600003563b10 Font Asset, ke='Command-F12'>, but is only supported for system-provided menu items; will not be used
Mono: successfully reloaded assembly
- Completed reload, in  1.467 seconds
Domain Reload Profiling:
	ReloadAssembly (1468ms)
		BeginReloadAssembly (119ms)
			ExecutionOrderSort (0ms)
			DisableScriptedObjects (7ms)
			BackupInstance (0ms)
			ReleaseScriptingObjects (0ms)
			CreateAndSetChildDomain (58ms)
		EndReloadAssembly (1268ms)
			LoadAssemblies (102ms)
			RebuildTransferFunctionScriptingTraits (0ms)
			SetupTypeCache (438ms)
			ReleaseScriptCaches (1ms)
			RebuildScriptCaches (65ms)
			SetupLoadedEditorAssemblies (508ms)
				LogAssemblyErrors (0ms)
				InitializePlatformSupportModulesInManaged (5ms)
				SetLoadedEditorAssemblies (1ms)
				RefreshPlugins (1ms)
				BeforeProcessingInitializeOnLoad (136ms)
				ProcessInitializeOnLoadAttributes (356ms)
				ProcessInitializeOnLoadMethodAttributes (9ms)
				AfterProcessingInitializeOnLoad (1ms)
				EditorAssembliesLoaded (0ms)
			ExecutionOrderSort2 (0ms)
			AwakeInstancesAfterBackupRestoration (14ms)
Platform modules already initialized, skipping
OnLevelWasLoaded was found on GameManager
This message has been deprecated and will be removed in a later version of Unity.
Add a delegate to SceneManager.sceneLoaded instead to get notifications after scene loading has completed

Refreshing native plugins compatible for Editor in 0.49 ms, found 3 plugins.
Preloading 0 native plugins for Editor in 0.00 ms.
Unloading 2092 Unused Serialized files (Serialized files now loaded: 0)
System memory in use before: 220.9 MB.
System memory in use after: 221.1 MB.

Unloading 16 unused Assets to reduce memory usage. Loaded Objects now: 2664.
Total: 3.642244 ms (FindLiveObjects: 0.240241 ms CreateObjectMapping: 0.086588 ms MarkObjects: 3.295136 ms  DeleteObjects: 0.019532 ms)

AssetImportParameters requested are different than current active one (requested -> active):
  custom:video-decoder-ogg-theora: a1e56fd34408186e4bbccfd4996cb3dc -> 
  custom:container-muxer-webm: aa71ff27fc2769a1b78a27578f13a17b -> 
  custom:container-demuxer-webm: 4f35f7cbe854078d1ac9338744f61a02 -> 
  custom:container-demuxer-ogg: 62fdf1f143b41e24485cea50d1cbac27 -> 
  custom:video-encoder-webm-vp8: eb34c28f22e8b96e1ab97ce403110664 -> 
  custom:framework-osx-AVFoundation: e770b220cccbd017edd2c1fefb359320 -> 
  custom:video-decoder-webm-vp8: 9c59270c3fd7afecdb556c50c9e8de78 -> 
  custom:audio-decoder-ogg-vorbis: bf7c407c2cedff20999df2af8eb42d56 -> 
  custom:audio-encoder-webm-vorbis: bf7c407c2cedff20999df2af8eb42d56 -> 
========================================================================
Received Prepare
Registering precompiled user dll's ...
Registered in 0.001845 seconds.
Begin MonoManager ReloadAssembly
Native extension for OSXStandalone target not found
Refreshing native plugins compatible for Editor in 0.52 ms, found 3 plugins.
Preloading 0 native plugins for Editor in 0.00 ms.
2022-03-29 15:46:17.392 Unity[61926:828567] NSEventModifierFlagFunction specified to -setKeyEquivalentModifierMask: for item <NSMenuItem: 0x600003570700 Font Asset, ke='Command-F12'>, but is only supported for system-provided menu items; will not be used
Mono: successfully reloaded assembly
- Completed reload, in  1.493 seconds
Domain Reload Profiling:
	ReloadAssembly (1493ms)
		BeginReloadAssembly (113ms)
			ExecutionOrderSort (0ms)
			DisableScriptedObjects (8ms)
			BackupInstance (0ms)
			ReleaseScriptingObjects (0ms)
			CreateAndSetChildDomain (53ms)
		EndReloadAssembly (1302ms)
			LoadAssemblies (84ms)
			RebuildTransferFunctionScriptingTraits (0ms)
			SetupTypeCache (464ms)
			ReleaseScriptCaches (1ms)
			RebuildScriptCaches (62ms)
			SetupLoadedEditorAssemblies (518ms)
				LogAssemblyErrors (0ms)
				InitializePlatformSupportModulesInManaged (5ms)
				SetLoadedEditorAssemblies (1ms)
				RefreshPlugins (1ms)
				BeforeProcessingInitializeOnLoad (143ms)
				ProcessInitializeOnLoadAttributes (360ms)
				ProcessInitializeOnLoadMethodAttributes (8ms)
				AfterProcessingInitializeOnLoad (1ms)
				EditorAssembliesLoaded (0ms)
			ExecutionOrderSort2 (0ms)
			AwakeInstancesAfterBackupRestoration (17ms)
Platform modules already initialized, skipping
OnLevelWasLoaded was found on GameManager
This message has been deprecated and will be removed in a later version of Unity.
Add a delegate to SceneManager.sceneLoaded instead to get notifications after scene loading has completed

Refreshing native plugins compatible for Editor in 0.52 ms, found 3 plugins.
Preloading 0 native plugins for Editor in 0.00 ms.
Unloading 2092 Unused Serialized files (Serialized files now loaded: 0)
System memory in use before: 221.1 MB.
System memory in use after: 221.3 MB.

Unloading 16 unused Assets to reduce memory usage. Loaded Objects now: 2667.
Total: 3.605500 ms (FindLiveObjects: 0.243090 ms CreateObjectMapping: 0.085608 ms MarkObjects: 3.258675 ms  DeleteObjects: 0.017244 ms)

AssetImportParameters requested are different than current active one (requested -> active):
  custom:video-decoder-ogg-theora: a1e56fd34408186e4bbccfd4996cb3dc -> 
  custom:container-muxer-webm: aa71ff27fc2769a1b78a27578f13a17b -> 
  custom:container-demuxer-webm: 4f35f7cbe854078d1ac9338744f61a02 -> 
  custom:container-demuxer-ogg: 62fdf1f143b41e24485cea50d1cbac27 -> 
  custom:video-encoder-webm-vp8: eb34c28f22e8b96e1ab97ce403110664 -> 
  custom:framework-osx-AVFoundation: e770b220cccbd017edd2c1fefb359320 -> 
  custom:video-decoder-webm-vp8: 9c59270c3fd7afecdb556c50c9e8de78 -> 
  custom:audio-decoder-ogg-vorbis: bf7c407c2cedff20999df2af8eb42d56 -> 
  custom:audio-encoder-webm-vorbis: bf7c407c2cedff20999df2af8eb42d56 -> 
========================================================================
Received Prepare
Registering precompiled user dll's ...
Registered in 0.007154 seconds.
Begin MonoManager ReloadAssembly
Native extension for OSXStandalone target not found
Refreshing native plugins compatible for Editor in 0.57 ms, found 3 plugins.
Preloading 0 native plugins for Editor in 0.00 ms.
2022-03-29 15:49:00.627 Unity[61926:828567] NSEventModifierFlagFunction specified to -setKeyEquivalentModifierMask: for item <NSMenuItem: 0x60000357fc60 Font Asset, ke='Command-F12'>, but is only supported for system-provided menu items; will not be used
Mono: successfully reloaded assembly
- Completed reload, in  1.441 seconds
Domain Reload Profiling:
	ReloadAssembly (1441ms)
		BeginReloadAssembly (112ms)
			ExecutionOrderSort (0ms)
			DisableScriptedObjects (7ms)
			BackupInstance (0ms)
			ReleaseScriptingObjects (0ms)
			CreateAndSetChildDomain (52ms)
		EndReloadAssembly (1254ms)
			LoadAssemblies (89ms)
			RebuildTransferFunctionScriptingTraits (0ms)
			SetupTypeCache (412ms)
			ReleaseScriptCaches (1ms)
			RebuildScriptCaches (65ms)
			SetupLoadedEditorAssemblies (532ms)
				LogAssemblyErrors (0ms)
				InitializePlatformSupportModulesInManaged (6ms)
				SetLoadedEditorAssemblies (1ms)
				RefreshPlugins (1ms)
				BeforeProcessingInitializeOnLoad (145ms)
				ProcessInitializeOnLoadAttributes (372ms)
				ProcessInitializeOnLoadMethodAttributes (7ms)
				AfterProcessingInitializeOnLoad (1ms)
				EditorAssembliesLoaded (0ms)
			ExecutionOrderSort2 (0ms)
			AwakeInstancesAfterBackupRestoration (13ms)
Platform modules already initialized, skipping
OnLevelWasLoaded was found on GameManager
This message has been deprecated and will be removed in a later version of Unity.
Add a delegate to SceneManager.sceneLoaded instead to get notifications after scene loading has completed

Refreshing native plugins compatible for Editor in 0.50 ms, found 3 plugins.
Preloading 0 native plugins for Editor in 0.00 ms.
Unloading 2092 Unused Serialized files (Serialized files now loaded: 0)
System memory in use before: 221.3 MB.
System memory in use after: 221.5 MB.

Unloading 16 unused Assets to reduce memory usage. Loaded Objects now: 2670.
Total: 3.765364 ms (FindLiveObjects: 0.228269 ms CreateObjectMapping: 0.072379 ms MarkObjects: 3.441679 ms  DeleteObjects: 0.021774 ms)

AssetImportParameters requested are different than current active one (requested -> active):
  custom:video-decoder-ogg-theora: a1e56fd34408186e4bbccfd4996cb3dc -> 
  custom:container-muxer-webm: aa71ff27fc2769a1b78a27578f13a17b -> 
  custom:container-demuxer-webm: 4f35f7cbe854078d1ac9338744f61a02 -> 
  custom:container-demuxer-ogg: 62fdf1f143b41e24485cea50d1cbac27 -> 
  custom:video-encoder-webm-vp8: eb34c28f22e8b96e1ab97ce403110664 -> 
  custom:framework-osx-AVFoundation: e770b220cccbd017edd2c1fefb359320 -> 
  custom:video-decoder-webm-vp8: 9c59270c3fd7afecdb556c50c9e8de78 -> 
  custom:audio-decoder-ogg-vorbis: bf7c407c2cedff20999df2af8eb42d56 -> 
  custom:audio-encoder-webm-vorbis: bf7c407c2cedff20999df2af8eb42d56 -> 
========================================================================
Received Prepare
Registering precompiled user dll's ...
Registered in 0.005432 seconds.
Begin MonoManager ReloadAssembly
Native extension for OSXStandalone target not found
Refreshing native plugins compatible for Editor in 0.52 ms, found 3 plugins.
Preloading 0 native plugins for Editor in 0.00 ms.
2022-03-29 15:51:32.351 Unity[61926:828567] NSEventModifierFlagFunction specified to -setKeyEquivalentModifierMask: for item <NSMenuItem: 0x60000350f800 Font Asset, ke='Command-F12'>, but is only supported for system-provided menu items; will not be used
Mono: successfully reloaded assembly
- Completed reload, in  1.387 seconds
Domain Reload Profiling:
	ReloadAssembly (1388ms)
		BeginReloadAssembly (118ms)
			ExecutionOrderSort (0ms)
			DisableScriptedObjects (7ms)
			BackupInstance (0ms)
			ReleaseScriptingObjects (0ms)
			CreateAndSetChildDomain (55ms)
		EndReloadAssembly (1195ms)
			LoadAssemblies (95ms)
			RebuildTransferFunctionScriptingTraits (0ms)
			SetupTypeCache (408ms)
			ReleaseScriptCaches (1ms)
			RebuildScriptCaches (59ms)
			SetupLoadedEditorAssemblies (482ms)
				LogAssemblyErrors (0ms)
				InitializePlatformSupportModulesInManaged (5ms)
				SetLoadedEditorAssemblies (1ms)
				RefreshPlugins (1ms)
				BeforeProcessingInitializeOnLoad (135ms)
				ProcessInitializeOnLoadAttributes (333ms)
				ProcessInitializeOnLoadMethodAttributes (7ms)
				AfterProcessingInitializeOnLoad (1ms)
				EditorAssembliesLoaded (0ms)
			ExecutionOrderSort2 (0ms)
			AwakeInstancesAfterBackupRestoration (13ms)
Platform modules already initialized, skipping
OnLevelWasLoaded was found on GameManager
This message has been deprecated and will be removed in a later version of Unity.
Add a delegate to SceneManager.sceneLoaded instead to get notifications after scene loading has completed

Refreshing native plugins compatible for Editor in 0.49 ms, found 3 plugins.
Preloading 0 native plugins for Editor in 0.00 ms.
Unloading 2092 Unused Serialized files (Serialized files now loaded: 0)
System memory in use before: 221.6 MB.
System memory in use after: 221.7 MB.

Unloading 16 unused Assets to reduce memory usage. Loaded Objects now: 2673.
Total: 3.657302 ms (FindLiveObjects: 0.233532 ms CreateObjectMapping: 0.077218 ms MarkObjects: 3.327398 ms  DeleteObjects: 0.018342 ms)

AssetImportParameters requested are different than current active one (requested -> active):
  custom:video-decoder-ogg-theora: a1e56fd34408186e4bbccfd4996cb3dc -> 
  custom:container-muxer-webm: aa71ff27fc2769a1b78a27578f13a17b -> 
  custom:container-demuxer-webm: 4f35f7cbe854078d1ac9338744f61a02 -> 
  custom:container-demuxer-ogg: 62fdf1f143b41e24485cea50d1cbac27 -> 
  custom:video-encoder-webm-vp8: eb34c28f22e8b96e1ab97ce403110664 -> 
  custom:framework-osx-AVFoundation: e770b220cccbd017edd2c1fefb359320 -> 
  custom:video-decoder-webm-vp8: 9c59270c3fd7afecdb556c50c9e8de78 -> 
  custom:audio-decoder-ogg-vorbis: bf7c407c2cedff20999df2af8eb42d56 -> 
  custom:audio-encoder-webm-vorbis: bf7c407c2cedff20999df2af8eb42d56 -> 
========================================================================
Received Prepare
Registering precompiled user dll's ...
Registered in 0.006776 seconds.
Begin MonoManager ReloadAssembly
Native extension for OSXStandalone target not found
Refreshing native plugins compatible for Editor in 0.55 ms, found 3 plugins.
Preloading 0 native plugins for Editor in 0.00 ms.
2022-03-29 15:52:41.539 Unity[61926:828567] NSEventModifierFlagFunction specified to -setKeyEquivalentModifierMask: for item <NSMenuItem: 0x60000350e8b0 Font Asset, ke='Command-F12'>, but is only supported for system-provided menu items; will not be used
Mono: successfully reloaded assembly
- Completed reload, in  1.439 seconds
Domain Reload Profiling:
	ReloadAssembly (1440ms)
		BeginReloadAssembly (112ms)
			ExecutionOrderSort (0ms)
			DisableScriptedObjects (8ms)
			BackupInstance (0ms)
			ReleaseScriptingObjects (0ms)
			CreateAndSetChildDomain (53ms)
		EndReloadAssembly (1257ms)
			LoadAssemblies (82ms)
			RebuildTransferFunctionScriptingTraits (0ms)
			SetupTypeCache (406ms)
			ReleaseScriptCaches (1ms)
			RebuildScriptCaches (61ms)
			SetupLoadedEditorAssemblies (516ms)
				LogAssemblyErrors (0ms)
				InitializePlatformSupportModulesInManaged (5ms)
				SetLoadedEditorAssemblies (1ms)
				RefreshPlugins (1ms)
				BeforeProcessingInitializeOnLoad (145ms)
				ProcessInitializeOnLoadAttributes (351ms)
				ProcessInitializeOnLoadMethodAttributes (11ms)
				AfterProcessingInitializeOnLoad (2ms)
				EditorAssembliesLoaded (0ms)
			ExecutionOrderSort2 (0ms)
			AwakeInstancesAfterBackupRestoration (16ms)
Platform modules already initialized, skipping
OnLevelWasLoaded was found on GameManager
This message has been deprecated and will be removed in a later version of Unity.
Add a delegate to SceneManager.sceneLoaded instead to get notifications after scene loading has completed

Refreshing native plugins compatible for Editor in 0.49 ms, found 3 plugins.
Preloading 0 native plugins for Editor in 0.00 ms.
Unloading 2092 Unused Serialized files (Serialized files now loaded: 0)
System memory in use before: 221.7 MB.
System memory in use after: 221.9 MB.

Unloading 16 unused Assets to reduce memory usage. Loaded Objects now: 2676.
Total: 3.793623 ms (FindLiveObjects: 0.250253 ms CreateObjectMapping: 0.087854 ms MarkObjects: 3.432327 ms  DeleteObjects: 0.021954 ms)

AssetImportParameters requested are different than current active one (requested -> active):
  custom:video-decoder-ogg-theora: a1e56fd34408186e4bbccfd4996cb3dc -> 
  custom:container-muxer-webm: aa71ff27fc2769a1b78a27578f13a17b -> 
  custom:container-demuxer-webm: 4f35f7cbe854078d1ac9338744f61a02 -> 
  custom:container-demuxer-ogg: 62fdf1f143b41e24485cea50d1cbac27 -> 
  custom:video-encoder-webm-vp8: eb34c28f22e8b96e1ab97ce403110664 -> 
  custom:framework-osx-AVFoundation: e770b220cccbd017edd2c1fefb359320 -> 
  custom:video-decoder-webm-vp8: 9c59270c3fd7afecdb556c50c9e8de78 -> 
  custom:audio-decoder-ogg-vorbis: bf7c407c2cedff20999df2af8eb42d56 -> 
  custom:audio-encoder-webm-vorbis: bf7c407c2cedff20999df2af8eb42d56 -> 
========================================================================
Received Import Request.
  Time since last request: 41082.930719 seconds.
  path: Assets/Scripts/SpellListMaker.cs
  artifactKey: Guid(dfb23314f2e0f4eff8f8f2fce731c392) Importer(815301076,1909f56bfc062723c751e8b465ee728b)
Start importing Assets/Scripts/SpellListMaker.cs using Guid(dfb23314f2e0f4eff8f8f2fce731c392) Importer(815301076,1909f56bfc062723c751e8b465ee728b)  -> (artifact id: 'f16ea3cd207ac168ad6c4a39652a8ef5') in 0.013978 seconds 
  Import took 0.018480 seconds .

========================================================================
Received Import Request.
  Time since last request: 0.003275 seconds.
  path: Assets/Scripts/SpellListMaker.cs
  artifactKey: Guid(dfb23314f2e0f4eff8f8f2fce731c392) Importer(815301076,1909f56bfc062723c751e8b465ee728b)
Start importing Assets/Scripts/SpellListMaker.cs using Guid(dfb23314f2e0f4eff8f8f2fce731c392) Importer(815301076,1909f56bfc062723c751e8b465ee728b)  -> (artifact id: 'f16ea3cd207ac168ad6c4a39652a8ef5') in 0.002295 seconds 
  Import took 0.006385 seconds .

